<?xml version="1.0" encoding="UTF-8"?>
<testng-results ignored="0" total="1" passed="1" failed="0" skipped="0">
  <reporter-output>
  </reporter-output>
  <suite started-at="2023-11-02T12:41:30 IST" name="Default suite" finished-at="2023-11-02T12:42:32 IST" duration-ms="61451">
    <groups>
    </groups>
    <test started-at="2023-11-02T12:41:30 IST" name="Default test" finished-at="2023-11-02T12:42:32 IST" duration-ms="61451">
      <class name="test.BudgetairTest">
        <test-method is-config="true" signature="setup()[pri:0, instance:test.BudgetairTest@292b08d6]" started-at="2023-11-02T12:41:30 IST" name="setup" finished-at="2023-11-02T12:41:33 IST" duration-ms="2322" status="PASS">
          <reporter-output>
          </reporter-output>
        </test-method> <!-- setup -->
        <test-method is-config="true" signature="url()[pri:0, instance:test.BudgetairTest@292b08d6]" started-at="2023-11-02T12:41:33 IST" name="url" finished-at="2023-11-02T12:41:37 IST" duration-ms="4170" status="PASS">
          <reporter-output>
          </reporter-output>
        </test-method> <!-- url -->
        <test-method signature="test1()[pri:0, instance:test.BudgetairTest@292b08d6]" started-at="2023-11-02T12:41:37 IST" name="test1" finished-at="2023-11-02T12:42:32 IST" duration-ms="54899" status="PASS">
          <reporter-output>
          </reporter-output>
        </test-method> <!-- test1 -->
      </class> <!-- test.BudgetairTest -->
    </test> <!-- Default test -->
  </suite> <!-- Default suite -->
</testng-results>
